[22-Aug-2024 09:45:53 UTC] Xdebug: [Step Debug] Time-out connecting to debugging client, waited: 200 ms. Tried: localhost:9003 (fallback through xdebug.client_host/xdebug.client_port) :-(
[22-Aug-2024 09:45:53 UTC] Xdebug: [Step Debug] Time-out connecting to debugging client, waited: 200 ms. Tried: localhost:9003 (fallback through xdebug.client_host/xdebug.client_port) :-(
[22-Aug-2024 09:45:53 UTC] Xdebug: [Step Debug] Time-out connecting to debugging client, waited: 200 ms. Tried: localhost:9003 (fallback through xdebug.client_host/xdebug.client_port) :-(
[22-Aug-2024 09:45:53 UTC] Xdebug: [Step Debug] Time-out connecting to debugging client, waited: 200 ms. Tried: localhost:9003 (fallback through xdebug.client_host/xdebug.client_port) :-(
[22-Aug-2024 09:45:53 UTC] Xdebug: [Step Debug] Time-out connecting to debugging client, waited: 200 ms. Tried: localhost:9003 (fallback through xdebug.client_host/xdebug.client_port) :-(
[22-Aug-2024 09:45:53 UTC] Xdebug: [Step Debug] Time-out connecting to debugging client, waited: 200 ms. Tried: localhost:9003 (fallback through xdebug.client_host/xdebug.client_port) :-(
[22-Aug-2024 09:45:54 UTC] Xdebug: [Step Debug] Time-out connecting to debugging client, waited: 200 ms. Tried: localhost:9003 (fallback through xdebug.client_host/xdebug.client_port) :-(
[22-Aug-2024 09:45:54 UTC] Xdebug: [Step Debug] Time-out connecting to debugging client, waited: 200 ms. Tried: localhost:9003 (fallback through xdebug.client_host/xdebug.client_port) :-(
[22-Aug-2024 09:45:54 UTC] Xdebug: [Step Debug] Time-out connecting to debugging client, waited: 200 ms. Tried: localhost:9003 (fallback through xdebug.client_host/xdebug.client_port) :-(
[22-Aug-2024 09:45:54 UTC] Xdebug: [Step Debug] Time-out connecting to debugging client, waited: 200 ms. Tried: localhost:9003 (fallback through xdebug.client_host/xdebug.client_port) :-(
[22-Aug-2024 09:45:54 UTC] Xdebug: [Step Debug] Time-out connecting to debugging client, waited: 200 ms. Tried: localhost:9003 (fallback through xdebug.client_host/xdebug.client_port) :-(
[22-Aug-2024 09:45:55 UTC] Xdebug: [Step Debug] Time-out connecting to debugging client, waited: 200 ms. Tried: localhost:9003 (fallback through xdebug.client_host/xdebug.client_port) :-(
[22-Aug-2024 09:45:55 UTC] Xdebug: [Step Debug] Time-out connecting to debugging client, waited: 200 ms. Tried: localhost:9003 (fallback through xdebug.client_host/xdebug.client_port) :-(
[22-Aug-2024 09:45:55 UTC] Xdebug: [Step Debug] Time-out connecting to debugging client, waited: 200 ms. Tried: localhost:9003 (fallback through xdebug.client_host/xdebug.client_port) :-(
[22-Aug-2024 09:45:55 UTC] Xdebug: [Step Debug] Time-out connecting to debugging client, waited: 200 ms. Tried: localhost:9003 (fallback through xdebug.client_host/xdebug.client_port) :-(
[22-Aug-2024 09:45:55 UTC] Xdebug: [Step Debug] Time-out connecting to debugging client, waited: 200 ms. Tried: localhost:9003 (fallback through xdebug.client_host/xdebug.client_port) :-(
[22-Aug-2024 09:45:55 UTC] Xdebug: [Step Debug] Time-out connecting to debugging client, waited: 200 ms. Tried: localhost:9003 (fallback through xdebug.client_host/xdebug.client_port) :-(
[22-Aug-2024 09:45:55 UTC] Xdebug: [Step Debug] Time-out connecting to debugging client, waited: 200 ms. Tried: localhost:9003 (fallback through xdebug.client_host/xdebug.client_port) :-(
[22-Aug-2024 09:45:55 UTC] Xdebug: [Step Debug] Time-out connecting to debugging client, waited: 200 ms. Tried: localhost:9003 (fallback through xdebug.client_host/xdebug.client_port) :-(
[22-Aug-2024 09:45:56 UTC] Xdebug: [Step Debug] Time-out connecting to debugging client, waited: 200 ms. Tried: localhost:9003 (fallback through xdebug.client_host/xdebug.client_port) :-(
[22-Aug-2024 09:45:56 UTC] Xdebug: [Step Debug] Time-out connecting to debugging client, waited: 200 ms. Tried: localhost:9003 (fallback through xdebug.client_host/xdebug.client_port) :-(
[22-Aug-2024 09:45:56 UTC] Xdebug: [Step Debug] Time-out connecting to debugging client, waited: 200 ms. Tried: localhost:9003 (fallback through xdebug.client_host/xdebug.client_port) :-(
[22-Aug-2024 09:45:56 UTC] Xdebug: [Step Debug] Time-out connecting to debugging client, waited: 200 ms. Tried: localhost:9003 (fallback through xdebug.client_host/xdebug.client_port) :-(
[22-Aug-2024 09:45:56 UTC] Xdebug: [Step Debug] Time-out connecting to debugging client, waited: 200 ms. Tried: localhost:9003 (fallback through xdebug.client_host/xdebug.client_port) :-(
[22-Aug-2024 09:45:56 UTC] Xdebug: [Step Debug] Time-out connecting to debugging client, waited: 200 ms. Tried: localhost:9003 (fallback through xdebug.client_host/xdebug.client_port) :-(
[22-Aug-2024 09:45:56 UTC] Xdebug: [Step Debug] Time-out connecting to debugging client, waited: 200 ms. Tried: localhost:9003 (fallback through xdebug.client_host/xdebug.client_port) :-(
[22-Aug-2024 09:45:56 UTC] Xdebug: [Step Debug] Time-out connecting to debugging client, waited: 200 ms. Tried: localhost:9003 (fallback through xdebug.client_host/xdebug.client_port) :-(
[22-Aug-2024 09:45:57 UTC] Xdebug: [Step Debug] Time-out connecting to debugging client, waited: 200 ms. Tried: localhost:9003 (fallback through xdebug.client_host/xdebug.client_port) :-(
[22-Aug-2024 09:45:57 UTC] Xdebug: [Step Debug] Time-out connecting to debugging client, waited: 200 ms. Tried: localhost:9003 (fallback through xdebug.client_host/xdebug.client_port) :-(
[22-Aug-2024 09:45:57 UTC] Xdebug: [Step Debug] Time-out connecting to debugging client, waited: 200 ms. Tried: localhost:9003 (fallback through xdebug.client_host/xdebug.client_port) :-(
[22-Aug-2024 09:45:57 UTC] Xdebug: [Step Debug] Time-out connecting to debugging client, waited: 200 ms. Tried: localhost:9003 (fallback through xdebug.client_host/xdebug.client_port) :-(
[22-Aug-2024 09:45:57 UTC] Xdebug: [Step Debug] Time-out connecting to debugging client, waited: 200 ms. Tried: localhost:9003 (fallback through xdebug.client_host/xdebug.client_port) :-(
[22-Aug-2024 09:45:57 UTC] Xdebug: [Step Debug] Time-out connecting to debugging client, waited: 200 ms. Tried: localhost:9003 (fallback through xdebug.client_host/xdebug.client_port) :-(
[22-Aug-2024 09:45:58 UTC] Xdebug: [Step Debug] Time-out connecting to debugging client, waited: 200 ms. Tried: localhost:9003 (fallback through xdebug.client_host/xdebug.client_port) :-(
[22-Aug-2024 09:45:58 UTC] Xdebug: [Step Debug] Time-out connecting to debugging client, waited: 200 ms. Tried: localhost:9003 (fallback through xdebug.client_host/xdebug.client_port) :-(
[22-Aug-2024 09:45:59 UTC] Xdebug: [Step Debug] Time-out connecting to debugging client, waited: 200 ms. Tried: localhost:9003 (fallback through xdebug.client_host/xdebug.client_port) :-(
[22-Aug-2024 09:45:59 UTC] Xdebug: [Step Debug] Time-out connecting to debugging client, waited: 200 ms. Tried: localhost:9003 (fallback through xdebug.client_host/xdebug.client_port) :-(
[22-Aug-2024 09:46:00 UTC] Xdebug: [Step Debug] Time-out connecting to debugging client, waited: 200 ms. Tried: localhost:9003 (fallback through xdebug.client_host/xdebug.client_port) :-(
[22-Aug-2024 09:46:00 UTC] Xdebug: [Step Debug] Time-out connecting to debugging client, waited: 200 ms. Tried: localhost:9003 (fallback through xdebug.client_host/xdebug.client_port) :-(
[22-Aug-2024 09:46:00 UTC] Xdebug: [Step Debug] Time-out connecting to debugging client, waited: 200 ms. Tried: localhost:9003 (fallback through xdebug.client_host/xdebug.client_port) :-(
[22-Aug-2024 09:46:00 UTC] Xdebug: [Step Debug] Time-out connecting to debugging client, waited: 200 ms. Tried: localhost:9003 (fallback through xdebug.client_host/xdebug.client_port) :-(
[22-Aug-2024 09:46:00 UTC] Xdebug: [Step Debug] Time-out connecting to debugging client, waited: 200 ms. Tried: localhost:9003 (fallback through xdebug.client_host/xdebug.client_port) :-(
[22-Aug-2024 09:46:00 UTC] Xdebug: [Step Debug] Time-out connecting to debugging client, waited: 200 ms. Tried: localhost:9003 (fallback through xdebug.client_host/xdebug.client_port) :-(
[22-Aug-2024 09:46:01 UTC] Xdebug: [Step Debug] Time-out connecting to debugging client, waited: 200 ms. Tried: localhost:9003 (fallback through xdebug.client_host/xdebug.client_port) :-(
[22-Aug-2024 09:46:01 UTC] Xdebug: [Step Debug] Time-out connecting to debugging client, waited: 200 ms. Tried: localhost:9003 (fallback through xdebug.client_host/xdebug.client_port) :-(
[22-Aug-2024 09:46:01 UTC] Xdebug: [Step Debug] Time-out connecting to debugging client, waited: 200 ms. Tried: localhost:9003 (fallback through xdebug.client_host/xdebug.client_port) :-(
[22-Aug-2024 09:46:01 UTC] Xdebug: [Step Debug] Time-out connecting to debugging client, waited: 200 ms. Tried: localhost:9003 (fallback through xdebug.client_host/xdebug.client_port) :-(
[22-Aug-2024 09:46:01 UTC] Xdebug: [Step Debug] Time-out connecting to debugging client, waited: 200 ms. Tried: localhost:9003 (fallback through xdebug.client_host/xdebug.client_port) :-(
[22-Aug-2024 09:46:01 UTC] Xdebug: [Step Debug] Time-out connecting to debugging client, waited: 200 ms. Tried: localhost:9003 (fallback through xdebug.client_host/xdebug.client_port) :-(
[22-Aug-2024 09:46:02 UTC] Xdebug: [Step Debug] Time-out connecting to debugging client, waited: 200 ms. Tried: localhost:9003 (fallback through xdebug.client_host/xdebug.client_port) :-(
[22-Aug-2024 09:46:02 UTC] Xdebug: [Step Debug] Time-out connecting to debugging client, waited: 200 ms. Tried: localhost:9003 (fallback through xdebug.client_host/xdebug.client_port) :-(
[22-Aug-2024 09:46:02 UTC] Xdebug: [Step Debug] Time-out connecting to debugging client, waited: 200 ms. Tried: localhost:9003 (fallback through xdebug.client_host/xdebug.client_port) :-(
[22-Aug-2024 09:46:02 UTC] Xdebug: [Step Debug] Time-out connecting to debugging client, waited: 200 ms. Tried: localhost:9003 (fallback through xdebug.client_host/xdebug.client_port) :-(
[22-Aug-2024 09:46:02 UTC] Xdebug: [Step Debug] Time-out connecting to debugging client, waited: 200 ms. Tried: localhost:9003 (fallback through xdebug.client_host/xdebug.client_port) :-(
[22-Aug-2024 09:46:03 UTC] Xdebug: [Step Debug] Time-out connecting to debugging client, waited: 200 ms. Tried: localhost:9003 (fallback through xdebug.client_host/xdebug.client_port) :-(
[22-Aug-2024 09:46:03 UTC] Xdebug: [Step Debug] Time-out connecting to debugging client, waited: 200 ms. Tried: localhost:9003 (fallback through xdebug.client_host/xdebug.client_port) :-(
[22-Aug-2024 09:46:03 UTC] Xdebug: [Step Debug] Time-out connecting to debugging client, waited: 200 ms. Tried: localhost:9003 (fallback through xdebug.client_host/xdebug.client_port) :-(
[22-Aug-2024 09:46:04 UTC] Xdebug: [Step Debug] Time-out connecting to debugging client, waited: 200 ms. Tried: localhost:9003 (fallback through xdebug.client_host/xdebug.client_port) :-(
[22-Aug-2024 09:46:05 UTC] Xdebug: [Step Debug] Time-out connecting to debugging client, waited: 200 ms. Tried: ::1:9003 (from HTTP_X_FORWARDED_FOR HTTP header), localhost:9003 (fallback through xdebug.client_host/xdebug.client_port) :-(
[22-Aug-2024 09:46:06 UTC] Xdebug: [Step Debug] Time-out connecting to debugging client, waited: 200 ms. Tried: ::1:9003 (from HTTP_X_FORWARDED_FOR HTTP header), localhost:9003 (fallback through xdebug.client_host/xdebug.client_port) :-(
[22-Aug-2024 09:46:17 UTC] Xdebug: [Step Debug] Time-out connecting to debugging client, waited: 200 ms. Tried: ::1:9003 (from REMOTE_ADDR HTTP header), localhost:9003 (fallback through xdebug.client_host/xdebug.client_port) :-(
[22-Aug-2024 09:46:17 UTC] Xdebug: [Step Debug] Time-out connecting to debugging client, waited: 200 ms. Tried: ::1:9003 (from REMOTE_ADDR HTTP header), localhost:9003 (fallback through xdebug.client_host/xdebug.client_port) :-(
[22-Aug-2024 09:46:18 UTC] Xdebug: [Step Debug] Time-out connecting to debugging client, waited: 200 ms. Tried: ::1:9003 (from REMOTE_ADDR HTTP header), localhost:9003 (fallback through xdebug.client_host/xdebug.client_port) :-(
[22-Aug-2024 09:46:19 UTC] Xdebug: [Step Debug] Time-out connecting to debugging client, waited: 200 ms. Tried: ::1:9003 (from REMOTE_ADDR HTTP header), localhost:9003 (fallback through xdebug.client_host/xdebug.client_port) :-(
[22-Aug-2024 09:46:19 UTC] Xdebug: [Step Debug] Time-out connecting to debugging client, waited: 200 ms. Tried: ::1:9003 (from HTTP_X_FORWARDED_FOR HTTP header), localhost:9003 (fallback through xdebug.client_host/xdebug.client_port) :-(
[22-Aug-2024 09:46:20 UTC] Xdebug: [Step Debug] Time-out connecting to debugging client, waited: 200 ms. Tried: ::1:9003 (from HTTP_X_FORWARDED_FOR HTTP header), localhost:9003 (fallback through xdebug.client_host/xdebug.client_port) :-(
[22-Aug-2024 09:46:20 UTC] Xdebug: [Step Debug] Time-out connecting to debugging client, waited: 200 ms. Tried: localhost:9003 (fallback through xdebug.client_host/xdebug.client_port) :-(
[22-Aug-2024 09:46:21 UTC] Xdebug: [Step Debug] Time-out connecting to debugging client, waited: 200 ms. Tried: localhost:9003 (fallback through xdebug.client_host/xdebug.client_port) :-(
[22-Aug-2024 09:46:21 UTC] Xdebug: [Step Debug] Time-out connecting to debugging client, waited: 200 ms. Tried: localhost:9003 (fallback through xdebug.client_host/xdebug.client_port) :-(
[22-Aug-2024 09:46:22 UTC] Xdebug: [Step Debug] Time-out connecting to debugging client, waited: 200 ms. Tried: localhost:9003 (fallback through xdebug.client_host/xdebug.client_port) :-(
[26-Aug-2024 19:21:22 UTC] [Image Optimizer]: info in ImageOptimization\Modules\Core\Components\Migrations->run_migration(): The migration `fix_optimized_size_keys` successfully executed.
[26-Aug-2024 19:21:22 UTC] [Image Optimizer]: info in ImageOptimization\Modules\Core\Components\Migrations->run_migration(): The migration `fix_mime_type` successfully executed.
[26-Aug-2024 19:21:34 UTC] [Image Optimizer]: info in ImageOptimization\Modules\ConnectManager\Components\Connect->get_connect_status(): Status check error. Reason: User is not connected
[26-Aug-2024 19:21:51 UTC] [Image Optimizer]: info in ImageOptimization\Modules\ConnectManager\Components\Connect->get_connect_status(): Status check error. Reason: User is not connected
[26-Aug-2024 19:22:04 UTC] [Image Optimizer]: info in ImageOptimization\Modules\ConnectManager\Components\Connect->get_connect_status(): Status check error. Reason: User is not connected
[26-Aug-2024 19:22:10 UTC] [Image Optimizer]: info in ImageOptimization\Modules\ConnectManager\Components\Connect->get_connect_status(): Status check error. Reason: User is not connected
[27-Aug-2024 13:10:36 UTC] [Image Optimizer]: info in ImageOptimization\Modules\ConnectManager\Components\Connect->get_connect_status(): Status check error. Reason: User is not connected
[27-Aug-2024 13:10:42 UTC] [Image Optimizer]: info in ImageOptimization\Modules\ConnectManager\Components\Connect->get_connect_status(): Status check error. Reason: User is not connected
[27-Aug-2024 13:10:47 UTC] [Image Optimizer]: info in ImageOptimization\Modules\ConnectManager\Components\Connect->get_connect_status(): Status check error. Reason: User is not connected
[27-Aug-2024 14:03:56 UTC] Cron reschedule event error for hook: action_scheduler_run_queue, Error code: could_not_set, Error message: The cron event list could not be saved., Data: {"schedule":"every_minute","args":["WP Cron"],"interval":60}
[29-Aug-2024 12:32:20 UTC] PHP Fatal error:  Maximum execution time of 300 seconds exceeded in C:\Users\gedim\Local Sites\projectnew\app\public\wp-includes\Requests\src\Transport\Curl.php on line 205
[29-Aug-2024 12:39:13 UTC] PHP Warning:  Undefined property: WP_Ajax_Upgrader_Skin::$api in C:\Users\gedim\Local Sites\projectnew\app\public\wp-admin\includes\class-theme-upgrader.php on line 160
[29-Aug-2024 12:39:17 UTC] PHP Warning:  Undefined array key "action" in C:\Users\gedim\Local Sites\projectnew\app\public\wp-content\plugins\woocommerce\src\Blocks\Patterns\AIPatterns.php on line 94
[29-Aug-2024 12:39:17 UTC] PHP Warning:  Undefined array key "action" in C:\Users\gedim\Local Sites\projectnew\app\public\wp-content\plugins\woocommerce\src\Blocks\Patterns\PTKPatternsStore.php on line 158
[30-Aug-2024 13:16:23 UTC] Cron reschedule event error for hook: wp_astra_theme_db_migration_cron, Error code: invalid_schedule, Error message: Event schedule does not exist., Data: {"schedule":"wp_astra_theme_db_migration_cron_interval","args":[],"interval":300}
[30-Aug-2024 13:22:00 UTC] Cron reschedule event error for hook: action_scheduler_run_queue, Error code: invalid_schedule, Error message: Event schedule does not exist., Data: {"schedule":"every_minute","args":["WP Cron"],"interval":60}
[30-Aug-2024 13:24:12 UTC] PHP Warning:  Undefined variable $site_type in C:\Users\gedim\Local Sites\projectnew\app\public\wp-content\plugins\ultimate-post\classes\REST_API.php on line 437
[31-Aug-2024 07:53:47 UTC] PHP Warning:  Undefined variable $dir in C:\Users\gedim\Local Sites\projectnew\app\public\wp-content\plugins\ultimate-post\classes\Styles.php on line 494
[31-Aug-2024 11:41:19 UTC] Cron reschedule event error for hook: action_scheduler_run_queue, Error code: invalid_schedule, Error message: Event schedule does not exist., Data: {"schedule":"every_minute","args":["WP Cron"],"interval":60}
[31-Aug-2024 11:41:49 UTC] Cron reschedule event error for hook: action_scheduler_run_queue, Error code: invalid_schedule, Error message: Event schedule does not exist., Data: {"schedule":"every_minute","args":["WP Cron"],"interval":60}
